2025-09-02 11:20:14,088 - mental_health_server - INFO - MentalHealthServer initialized
2025-09-02 11:20:14,090 - mental_health_server - INFO - Starting server on 0.0.0.0:8000
2025-09-02 11:20:14,285 - mental_health_server - INFO - Starting server initialization...
2025-09-02 11:20:14,329 - sentence_transformers.SentenceTransformer - INFO - Use pytorch device_name: mps
2025-09-02 11:20:14,329 - sentence_transformers.SentenceTransformer - INFO - Load pretrained SentenceTransformer: all-MiniLM-L6-v2
2025-09-02 11:20:19,239 - chromadb.telemetry.posthog - ERROR - Failed to send telemetry event ClientStartEvent: capture() takes 1 positional argument but 3 were given
2025-09-02 11:20:19,241 - sentence_transformers.SentenceTransformer - INFO - Load pretrained SentenceTransformer: all-MiniLM-L6-v2
2025-09-02 11:20:22,831 - chromadb.telemetry.posthog - ERROR - Failed to send telemetry event CollectionAddEvent: capture() takes 1 positional argument but 3 were given
2025-09-02 11:20:22,831 - mental_health_server - INFO - Knowledge base initialized with sample data
2025-09-02 11:20:42,652 - mental_health_server - INFO - Request 44caac1f-5674-43e8-80c5-b755cbc9dcfa started: POST http://localhost:8000/chat
2025-09-02 11:20:42,660 - mental_health_server - INFO - Created new session: optional-session-id
2025-09-02 11:20:42,660 - mental_health_server - INFO - Processing message in session optional-session-id: I feel anxious today...
2025-09-02 11:20:43,198 - mental_health_server - INFO - Response generated in 0.539s for session optional-session-id
2025-09-02 11:20:43,202 - mental_health_server - INFO - Request 44caac1f-5674-43e8-80c5-b755cbc9dcfa completed: 0.550s - Status: 200
2025-09-02 11:20:52,971 - mental_health_server - INFO - Request 2dbb9445-0654-4ccb-972d-1303372f7a25 started: GET http://localhost:8000/health
2025-09-02 11:20:52,972 - mental_health_server - INFO - Health check passed
2025-09-02 11:20:52,973 - mental_health_server - INFO - Request 2dbb9445-0654-4ccb-972d-1303372f7a25 completed: 0.001s - Status: 200
2025-09-02 11:21:01,372 - mental_health_server - INFO - Request 4f721947-90be-498e-ae5d-0b578677b0cf started: GET http://localhost:8000/sessions
2025-09-02 11:21:01,374 - mental_health_server - INFO - Listed 1 active sessions
2025-09-02 11:21:01,374 - mental_health_server - INFO - Request 4f721947-90be-498e-ae5d-0b578677b0cf completed: 0.003s - Status: 200
2025-09-09 16:29:26,542 - mental_health_server - INFO - MentalHealthServer initialized
2025-09-09 16:29:26,542 - mental_health_server - INFO - Starting server on 0.0.0.0:8000
2025-09-09 16:29:26,664 - mental_health_server - INFO - Starting server initialization...
2025-09-09 16:29:26,697 - sentence_transformers.SentenceTransformer - INFO - Use pytorch device_name: mps
2025-09-09 16:29:26,698 - sentence_transformers.SentenceTransformer - INFO - Load pretrained SentenceTransformer: all-MiniLM-L6-v2
2025-09-09 16:29:32,129 - chromadb.telemetry.posthog - ERROR - Failed to send telemetry event ClientStartEvent: capture() takes 1 positional argument but 3 were given
2025-09-09 16:29:32,131 - sentence_transformers.SentenceTransformer - INFO - Load pretrained SentenceTransformer: all-MiniLM-L6-v2
2025-09-09 16:29:37,542 - chromadb.telemetry.posthog - ERROR - Failed to send telemetry event CollectionAddEvent: capture() takes 1 positional argument but 3 were given
2025-09-09 16:29:37,543 - mental_health_server - INFO - Knowledge base initialized with sample data
2025-09-09 16:30:00,552 - mental_health_server - INFO - Request 173682c8-1bf6-443e-83cc-66c97654fe20 started: GET http://localhost:8000/health
2025-09-09 16:30:00,554 - mental_health_server - INFO - Health check passed
2025-09-09 16:30:00,560 - mental_health_server - INFO - Request 173682c8-1bf6-443e-83cc-66c97654fe20 completed: 0.008s - Status: 200
2025-09-09 16:30:10,949 - mental_health_server - INFO - Request 67d9a049-bf85-4202-89ec-93a8e5a63394 started: GET http://localhost:8000/docs
2025-09-09 16:30:10,952 - mental_health_server - INFO - Request 67d9a049-bf85-4202-89ec-93a8e5a63394 completed: 0.003s - Status: 200
2025-09-09 16:30:23,517 - mental_health_server - INFO - Request 2152b0f9-b085-44e6-86c2-a5685eabee16 started: GET http://localhost:8000/docs
2025-09-09 16:30:23,535 - mental_health_server - INFO - Request 2152b0f9-b085-44e6-86c2-a5685eabee16 completed: 0.019s - Status: 200
2025-09-09 16:30:24,060 - mental_health_server - INFO - Request 659c20dc-b837-407e-96f6-2686debc9e52 started: GET http://localhost:8000/openapi.json
2025-09-09 16:30:24,106 - mental_health_server - INFO - Request 659c20dc-b837-407e-96f6-2686debc9e52 completed: 0.046s - Status: 200
2025-09-09 16:30:36,085 - mental_health_server - INFO - Request 6c2204aa-d168-4dd0-816f-e6b2843bfbf7 started: GET http://localhost:8000/
2025-09-09 16:30:36,090 - mental_health_server - INFO - Root endpoint accessed
2025-09-09 16:30:36,092 - mental_health_server - INFO - Request 6c2204aa-d168-4dd0-816f-e6b2843bfbf7 completed: 0.008s - Status: 200
2025-09-09 16:30:45,529 - mental_health_server - INFO - Request fd64fbfd-0ed0-4099-b107-0dcc850b8e20 started: GET http://localhost:8000/health
2025-09-09 16:30:45,531 - mental_health_server - INFO - Health check passed
2025-09-09 16:30:45,532 - mental_health_server - INFO - Request fd64fbfd-0ed0-4099-b107-0dcc850b8e20 completed: 0.003s - Status: 200
2025-09-09 16:30:56,496 - mental_health_server - INFO - Request fb44ded6-6f51-4763-a3f4-912f59e98020 started: POST http://localhost:8000/chat
2025-09-09 16:30:56,503 - mental_health_server - INFO - Created new session: string with language: en
2025-09-09 16:30:56,504 - mental_health_server - INFO - Processing message in session string: string...
2025-09-09 16:30:58,072 - mental_health_server - INFO - Response generated in 1.569s for session string
2025-09-09 16:30:58,073 - mental_health_server - INFO - Request fb44ded6-6f51-4763-a3f4-912f59e98020 completed: 1.578s - Status: 200
2025-09-09 16:31:11,588 - mental_health_server - INFO - Request e5116bba-9bae-42d1-a75d-4f98c2f27922 started: GET http://localhost:8000/languages
2025-09-09 16:31:11,591 - mental_health_server - INFO - Returned list of supported languages
2025-09-09 16:31:11,593 - mental_health_server - INFO - Request e5116bba-9bae-42d1-a75d-4f98c2f27922 completed: 0.006s - Status: 200
2025-09-09 16:31:39,221 - mental_health_server - INFO - Request 4af212ed-fa29-4119-a33c-e3b967eb63b9 started: POST http://localhost:8000/translate
2025-09-09 16:31:39,574 - mental_health_server - INFO - Translated text from en to hu in 0.343s
2025-09-09 16:31:39,576 - mental_health_server - INFO - Request 4af212ed-fa29-4119-a33c-e3b967eb63b9 completed: 0.356s - Status: 200
2025-09-09 16:32:13,199 - mental_health_server - INFO - Request a9d6ff2a-907e-4eed-9d99-42497be5086c started: GET http://localhost:8000/sessions
2025-09-09 16:32:13,208 - mental_health_server - INFO - Listed 1 active sessions
2025-09-09 16:32:13,213 - mental_health_server - INFO - Request a9d6ff2a-907e-4eed-9d99-42497be5086c completed: 0.015s - Status: 200
2025-09-09 16:32:43,578 - mental_health_server - INFO - Request 8dd0bbce-dffc-4e5b-888c-619b54fbad63 started: GET http://localhost:8000/
2025-09-09 16:32:43,579 - mental_health_server - INFO - Root endpoint accessed
2025-09-09 16:32:43,579 - mental_health_server - INFO - Request 8dd0bbce-dffc-4e5b-888c-619b54fbad63 completed: 0.002s - Status: 200
2025-09-09 16:32:44,513 - mental_health_server - INFO - Request 06d302b6-55f7-4b4a-b153-240a95a1359e started: GET http://localhost:8000/favicon.ico
2025-09-09 16:32:44,515 - mental_health_server - INFO - Request 06d302b6-55f7-4b4a-b153-240a95a1359e completed: 0.002s - Status: 404
2025-09-09 16:32:44,896 - mental_health_server - INFO - Request 71a1fa9c-8072-483f-88d1-3978a20ea7db started: GET http://localhost:8000/redics
2025-09-09 16:32:44,897 - mental_health_server - INFO - Request 71a1fa9c-8072-483f-88d1-3978a20ea7db completed: 0.001s - Status: 404
2025-09-09 16:32:49,255 - mental_health_server - INFO - Request e234fe44-c3c2-4e9f-9537-966ab76ad3d2 started: GET http://localhost:8000/redoc
2025-09-09 16:32:49,256 - mental_health_server - INFO - Request e234fe44-c3c2-4e9f-9537-966ab76ad3d2 completed: 0.001s - Status: 200
2025-09-09 16:33:06,412 - mental_health_server - INFO - Request 4b315335-bd57-48f2-ad1d-89976e155ed1 started: GET http://localhost:8000/openapi.json
2025-09-09 16:33:06,416 - mental_health_server - INFO - Request 4b315335-bd57-48f2-ad1d-89976e155ed1 completed: 0.004s - Status: 200
2025-09-09 16:33:23,009 - mental_health_server - INFO - Request 4ca4754b-2742-4bea-a6c2-0d6e87bfe70a started: GET http://localhost:8000/openapi.json
2025-09-09 16:33:23,020 - mental_health_server - INFO - Request 4ca4754b-2742-4bea-a6c2-0d6e87bfe70a completed: 0.012s - Status: 200
2025-09-09 18:06:08,200 - mental_health_server - INFO - ✅ PyAudio TTS fallback available
2025-09-09 18:06:08,200 - mental_health_server - INFO - ✅ Speech-to-text available
2025-09-09 18:06:08,200 - mental_health_server - INFO - MentalHealthServer initialized with voice capabilities
2025-09-09 18:06:08,200 - mental_health_server - INFO - Starting server on 0.0.0.0:8000
2025-09-09 18:06:08,262 - mental_health_server - INFO - Starting server initialization...
2025-09-09 18:06:08,287 - sentence_transformers.SentenceTransformer - INFO - Use pytorch device_name: mps
2025-09-09 18:06:08,287 - sentence_transformers.SentenceTransformer - INFO - Load pretrained SentenceTransformer: all-MiniLM-L6-v2
2025-09-09 18:06:14,443 - chromadb.telemetry.posthog - ERROR - Failed to send telemetry event ClientStartEvent: capture() takes 1 positional argument but 3 were given
2025-09-09 18:06:14,446 - sentence_transformers.SentenceTransformer - INFO - Load pretrained SentenceTransformer: all-MiniLM-L6-v2
2025-09-09 18:06:20,365 - chromadb.telemetry.posthog - ERROR - Failed to send telemetry event CollectionAddEvent: capture() takes 1 positional argument but 3 were given
2025-09-09 18:06:20,367 - mental_health_server - INFO - Knowledge base initialized with sample data
2025-09-09 18:06:49,823 - mental_health_server - INFO - Request 1bedb711-436e-4318-a278-8634f81b62b8 started: POST http://localhost:8000/voice/chat
2025-09-09 18:06:49,830 - mental_health_server - INFO - Request 1bedb711-436e-4318-a278-8634f81b62b8 completed: 0.008s - Status: 422
2025-09-09 18:07:07,976 - mental_health_server - INFO - Request e6ecae14-1e6d-43eb-855f-bd61c3a442b5 started: POST http://localhost:8000/voice/text-to-speech
2025-09-09 18:07:08,643 - mental_health_server - INFO - Request e6ecae14-1e6d-43eb-855f-bd61c3a442b5 completed: 0.667s - Status: 200
2025-09-09 18:38:49,560 - mental_health_server - INFO - ✅ ElevenLabs TTS available
2025-09-09 18:38:49,586 - mental_health_server - INFO - ✅ Speech-to-text available
2025-09-09 18:38:49,586 - mental_health_server - INFO - MentalHealthServer initialized with voice capabilities
2025-09-09 18:38:49,586 - mental_health_server - INFO - Starting server on 0.0.0.0:8000
2025-09-09 18:38:49,630 - mental_health_server - INFO - Starting server initialization...
2025-09-09 18:38:49,666 - sentence_transformers.SentenceTransformer - INFO - Use pytorch device_name: mps
2025-09-09 18:38:49,666 - sentence_transformers.SentenceTransformer - INFO - Load pretrained SentenceTransformer: all-MiniLM-L6-v2
2025-09-09 18:38:59,187 - chromadb.telemetry.posthog - ERROR - Failed to send telemetry event ClientStartEvent: capture() takes 1 positional argument but 3 were given
2025-09-09 18:38:59,190 - sentence_transformers.SentenceTransformer - INFO - Load pretrained SentenceTransformer: all-MiniLM-L6-v2
2025-09-09 18:39:05,827 - chromadb.telemetry.posthog - ERROR - Failed to send telemetry event CollectionAddEvent: capture() takes 1 positional argument but 3 were given
2025-09-09 18:39:05,829 - mental_health_server - INFO - Knowledge base initialized with sample data
2025-09-09 18:39:12,046 - mental_health_server - INFO - Request ae944506-5768-4704-9ff1-3b8f3a711e4e started: POST http://localhost:8000/voice/chat
2025-09-09 18:39:12,050 - mental_health_server - INFO - Request ae944506-5768-4704-9ff1-3b8f3a711e4e completed: 0.004s - Status: 422
2025-09-09 18:39:22,604 - mental_health_server - INFO - Request 57312fa3-8ef7-4d5d-baa4-feb1380daea3 started: POST http://localhost:8000/voice/text-to-speech
2025-09-09 18:39:22,610 - mental_health_server - ERROR - ElevenLabs TTS failed: cannot import name 'generate' from 'elevenlabs' (/Users/harjas/miniconda3/envs/police/lib/python3.10/site-packages/elevenlabs/__init__.py)
2025-09-09 18:39:23,244 - mental_health_server - INFO - Request 57312fa3-8ef7-4d5d-baa4-feb1380daea3 completed: 0.640s - Status: 200
2025-09-25 02:46:09,338 - mental_health_server - INFO - ✅ PyAudio TTS fallback available
2025-09-25 02:46:09,339 - mental_health_server - INFO - ✅ Speech-to-text available
2025-09-25 02:46:09,339 - mental_health_server - INFO - MentalHealthServer initialized with voice capabilities
2025-09-25 02:46:09,339 - mental_health_server - INFO - Starting server on 0.0.0.0:8000
2025-09-25 02:46:09,445 - mental_health_server - INFO - Starting server initialization...
2025-09-25 02:46:09,494 - sentence_transformers.SentenceTransformer - INFO - Use pytorch device_name: mps
2025-09-25 02:46:09,494 - sentence_transformers.SentenceTransformer - INFO - Load pretrained SentenceTransformer: all-MiniLM-L6-v2
2025-09-25 02:46:15,104 - chromadb.telemetry.posthog - ERROR - Failed to send telemetry event ClientStartEvent: capture() takes 1 positional argument but 3 were given
2025-09-25 02:46:15,107 - sentence_transformers.SentenceTransformer - INFO - Load pretrained SentenceTransformer: all-MiniLM-L6-v2
2025-09-25 02:46:20,116 - chromadb.telemetry.posthog - ERROR - Failed to send telemetry event CollectionAddEvent: capture() takes 1 positional argument but 3 were given
2025-09-25 02:46:20,117 - mental_health_server - INFO - Knowledge base initialized with sample data
2025-09-25 02:46:53,432 - mental_health_server - INFO - Request f9b272b7-4dd0-4934-a556-3c223f47cd68 started: GET http://localhost:8000/health
2025-09-25 02:46:53,441 - mental_health_server - INFO - Health check passed
2025-09-25 02:46:53,447 - mental_health_server - INFO - Request d0d01c51-c069-4ecf-a4b3-3356894f447e started: GET http://localhost:8000/health
2025-09-25 02:46:53,447 - mental_health_server - INFO - Health check passed
2025-09-25 02:46:53,447 - mental_health_server - INFO - Request f9b272b7-4dd0-4934-a556-3c223f47cd68 completed: 0.016s - Status: 200
2025-09-25 02:46:53,449 - mental_health_server - INFO - Request d0d01c51-c069-4ecf-a4b3-3356894f447e completed: 0.002s - Status: 200
2025-09-25 02:46:53,458 - mental_health_server - INFO - Request bbccc4c7-7191-40d5-b6dd-c260ea33da91 started: GET http://localhost:8000/health
2025-09-25 02:46:53,459 - mental_health_server - INFO - Health check passed
2025-09-25 02:46:53,460 - mental_health_server - INFO - Request bbccc4c7-7191-40d5-b6dd-c260ea33da91 completed: 0.002s - Status: 200
2025-09-25 02:46:56,222 - mental_health_server - INFO - Request 15288b19-7f23-4aca-9da6-53c6fc2a320c started: OPTIONS http://localhost:8000/chat
2025-09-25 02:46:56,222 - mental_health_server - INFO - Request 15288b19-7f23-4aca-9da6-53c6fc2a320c completed: 0.001s - Status: 200
2025-09-25 02:46:56,226 - mental_health_server - INFO - Request 340eac07-7dc2-424f-b26c-0f6f3068567e started: POST http://localhost:8000/chat
2025-09-25 02:46:56,235 - mental_health_server - INFO - Created new session: 13c5162c-7976-434a-9281-37af28a8b952 with language: en
2025-09-25 02:46:56,235 - mental_health_server - INFO - Processing message in session 13c5162c-7976-434a-9281-37af28a8b952: hey...
2025-09-25 02:46:56,751 - mental_health_server - INFO - Response generated in 0.516s for session 13c5162c-7976-434a-9281-37af28a8b952
2025-09-25 02:46:56,752 - mental_health_server - INFO - Request 2a254659-4f0b-4f94-9c31-ead1926a630e started: GET http://localhost:8000/health
2025-09-25 02:46:56,752 - mental_health_server - INFO - Request 340eac07-7dc2-424f-b26c-0f6f3068567e completed: 0.525s - Status: 200
2025-09-25 02:46:56,753 - mental_health_server - INFO - Health check passed
2025-09-25 02:46:56,753 - mental_health_server - INFO - Request 2a254659-4f0b-4f94-9c31-ead1926a630e completed: 0.002s - Status: 200
2025-09-25 02:46:56,773 - mental_health_server - INFO - Request 93fcfa74-383e-405f-a2a3-8abe0afcaffe started: GET http://localhost:8000/health
2025-09-25 02:46:56,775 - mental_health_server - INFO - Health check passed
2025-09-25 02:46:56,775 - mental_health_server - INFO - Request 93fcfa74-383e-405f-a2a3-8abe0afcaffe completed: 0.002s - Status: 200
2025-09-25 03:05:44,889 - mental_health_server - INFO - Request bb313448-d0b4-4217-8d1c-be7df7a22fe5 started: OPTIONS http://localhost:8000/analyze-mood
2025-09-25 03:05:44,938 - mental_health_server - INFO - Request bb313448-d0b4-4217-8d1c-be7df7a22fe5 completed: 0.060s - Status: 200
2025-09-25 03:05:44,964 - mental_health_server - INFO - Request 6d88a814-ca8c-4c5d-b5a1-d168a919545f started: POST http://localhost:8000/analyze-mood
2025-09-25 03:05:44,972 - mental_health_server - INFO - Request 6d88a814-ca8c-4c5d-b5a1-d168a919545f completed: 0.008s - Status: 404
2025-09-25 03:10:31,219 - mental_health_server - INFO - Request a3ede4f8-1458-4ea4-ad71-3322a1140d9d started: POST http://localhost:8000/analyze-mood
2025-09-25 03:10:31,237 - mental_health_server - INFO - Request a3ede4f8-1458-4ea4-ad71-3322a1140d9d completed: 0.021s - Status: 404
2025-09-25 03:12:25,100 - mental_health_server - INFO - ✅ PyAudio TTS fallback available
2025-09-25 03:12:25,100 - mental_health_server - INFO - ✅ Speech-to-text available
2025-09-25 03:12:25,100 - mental_health_server - INFO - MentalHealthServer initialized with voice capabilities
2025-09-25 03:12:25,100 - mental_health_server - INFO - Starting server on 0.0.0.0:8000
2025-09-25 03:12:25,166 - mental_health_server - INFO - Starting server initialization...
2025-09-25 03:12:25,215 - sentence_transformers.SentenceTransformer - INFO - Use pytorch device_name: mps
2025-09-25 03:12:25,215 - sentence_transformers.SentenceTransformer - INFO - Load pretrained SentenceTransformer: all-MiniLM-L6-v2
2025-09-25 03:12:30,476 - chromadb.telemetry.posthog - ERROR - Failed to send telemetry event ClientStartEvent: capture() takes 1 positional argument but 3 were given
2025-09-25 03:12:30,478 - sentence_transformers.SentenceTransformer - INFO - Load pretrained SentenceTransformer: all-MiniLM-L6-v2
2025-09-25 03:12:34,840 - chromadb.telemetry.posthog - ERROR - Failed to send telemetry event CollectionAddEvent: capture() takes 1 positional argument but 3 were given
2025-09-25 03:12:34,841 - mental_health_server - INFO - Knowledge base initialized with sample data
2025-09-25 03:12:57,052 - mental_health_server - INFO - Request 49b18ec2-1f2b-487d-92e4-2a1af59f78fc started: POST http://localhost:8000/analyze-mood
2025-09-25 03:12:57,066 - mental_health_server - INFO - Analyzing mood entry: Neutral (score: 5)
2025-09-25 03:12:57,068 - mental_health_server - INFO - Mood analysis completed successfully
2025-09-25 03:12:57,069 - mental_health_server - INFO - Request 49b18ec2-1f2b-487d-92e4-2a1af59f78fc completed: 0.018s - Status: 200
2025-09-25 03:25:19,583 - mental_health_server - INFO - Request 0f5ec7e2-6322-480a-883e-30ea2dac67a1 started: GET http://localhost:8000/health
2025-09-25 03:25:19,635 - mental_health_server - INFO - Health check passed
2025-09-25 03:25:19,643 - mental_health_server - INFO - Request d7c76d92-221e-4165-9548-b3c92b0048d1 started: GET http://localhost:8000/health
2025-09-25 03:25:19,644 - mental_health_server - INFO - Health check passed
2025-09-25 03:25:19,645 - mental_health_server - INFO - Request 488f1bcd-f7aa-4afa-bf18-a5fd8162411e started: GET http://localhost:8000/health
2025-09-25 03:25:19,645 - mental_health_server - INFO - Request 0f5ec7e2-6322-480a-883e-30ea2dac67a1 completed: 0.070s - Status: 200
2025-09-25 03:25:19,649 - mental_health_server - INFO - Health check passed
2025-09-25 03:25:19,650 - mental_health_server - INFO - Request d7c76d92-221e-4165-9548-b3c92b0048d1 completed: 0.007s - Status: 200
2025-09-25 03:25:19,650 - mental_health_server - INFO - Request 488f1bcd-f7aa-4afa-bf18-a5fd8162411e completed: 0.006s - Status: 200
2025-09-25 03:28:24,793 - mental_health_server - INFO - Request 8333eb7f-c7e9-4a20-8b60-2ae3d3a335d8 started: GET http://localhost:8000/health
2025-09-25 03:28:24,811 - mental_health_server - INFO - Health check passed
2025-09-25 03:28:24,824 - mental_health_server - INFO - Request a0962ac3-fcb8-4752-a516-e8b1a14add41 started: GET http://localhost:8000/languages
2025-09-25 03:28:24,878 - mental_health_server - INFO - Returned list of supported languages
2025-09-25 03:28:24,889 - mental_health_server - INFO - Request 8333eb7f-c7e9-4a20-8b60-2ae3d3a335d8 completed: 0.097s - Status: 200
2025-09-25 03:28:24,900 - mental_health_server - INFO - Request a0962ac3-fcb8-4752-a516-e8b1a14add41 completed: 0.076s - Status: 200
2025-09-25 03:28:31,921 - mental_health_server - INFO - Request 767179f9-1f97-4ead-93ca-4abc77fb4d99 started: OPTIONS http://localhost:8000/translate
2025-09-25 03:28:31,924 - mental_health_server - INFO - Request 767179f9-1f97-4ead-93ca-4abc77fb4d99 completed: 0.004s - Status: 200
2025-09-25 03:28:31,928 - mental_health_server - INFO - Request 1e24cb99-fc22-48ce-8c77-ed84c9ffca47 started: POST http://localhost:8000/translate
2025-09-25 03:28:31,965 - mental_health_server - INFO - Translated text from en to en in 0.000s
2025-09-25 03:28:31,967 - mental_health_server - INFO - Request 1e24cb99-fc22-48ce-8c77-ed84c9ffca47 completed: 0.039s - Status: 200
2025-09-25 03:28:31,975 - mental_health_server - INFO - Request 62c68770-6eba-4a84-bc14-fafd07a5ffa8 started: OPTIONS http://localhost:8000/chat
2025-09-25 03:28:31,975 - mental_health_server - INFO - Request 62c68770-6eba-4a84-bc14-fafd07a5ffa8 completed: 0.000s - Status: 200
2025-09-25 03:28:31,977 - mental_health_server - INFO - Request 3063ef9d-072b-41f6-ae7d-df9e475fbe51 started: POST http://localhost:8000/chat
2025-09-25 03:28:31,982 - mental_health_server - INFO - Created new session: d96921a1-f2e9-495e-9fa6-dc552076913f with language: kri
2025-09-25 03:28:31,982 - mental_health_server - INFO - Processing message in session d96921a1-f2e9-495e-9fa6-dc552076913f: hi...
2025-09-25 03:28:34,607 - mental_health_server - INFO - Translated response to kri
2025-09-25 03:28:34,608 - mental_health_server - INFO - Response generated in 2.626s for session d96921a1-f2e9-495e-9fa6-dc552076913f
2025-09-25 03:28:34,611 - mental_health_server - INFO - Request 3063ef9d-072b-41f6-ae7d-df9e475fbe51 completed: 2.634s - Status: 200
2025-09-25 03:28:34,620 - mental_health_server - INFO - Request cb211e82-24a2-4014-83d9-efd2ef2f590e started: POST http://localhost:8000/translate
2025-09-25 03:28:36,182 - mental_health_server - INFO - Translated text from en to kri in 1.560s
2025-09-25 03:28:36,183 - mental_health_server - INFO - Request cb211e82-24a2-4014-83d9-efd2ef2f590e completed: 1.562s - Status: 200
2025-09-25 03:29:24,123 - mental_health_server - INFO - Request 4c2c342b-7777-4bbc-91b9-ac66078f0444 started: GET http://localhost:8000/health
2025-09-25 03:29:24,129 - mental_health_server - INFO - Health check passed
2025-09-25 03:29:24,133 - mental_health_server - INFO - Request 44cb0d13-c0c6-4fda-8430-c7a561b1b580 started: GET http://localhost:8000/languages
2025-09-25 03:29:24,138 - mental_health_server - INFO - Returned list of supported languages
2025-09-25 03:29:24,143 - mental_health_server - INFO - Request c1a762ee-cbb6-47b2-8e4b-3e410bf773de started: GET http://localhost:8000/health
2025-09-25 03:29:24,144 - mental_health_server - INFO - Request 4c2c342b-7777-4bbc-91b9-ac66078f0444 completed: 0.021s - Status: 200
2025-09-25 03:29:24,146 - mental_health_server - INFO - Health check passed
2025-09-25 03:29:24,147 - mental_health_server - INFO - Request bae0edc4-d3b0-432e-8a01-407433f64d02 started: GET http://localhost:8000/languages
2025-09-25 03:29:24,147 - mental_health_server - INFO - Request 44cb0d13-c0c6-4fda-8430-c7a561b1b580 completed: 0.014s - Status: 200
2025-09-25 03:29:24,148 - mental_health_server - INFO - Returned list of supported languages
2025-09-25 03:29:24,148 - mental_health_server - INFO - Request c1a762ee-cbb6-47b2-8e4b-3e410bf773de completed: 0.005s - Status: 200
2025-09-25 03:29:24,149 - mental_health_server - INFO - Request bae0edc4-d3b0-432e-8a01-407433f64d02 completed: 0.002s - Status: 200
2025-09-25 03:29:25,822 - mental_health_server - INFO - Request 5175d240-1527-4873-bb3a-c36352ec01f9 started: GET http://localhost:8000/health
2025-09-25 03:29:25,823 - mental_health_server - INFO - Health check passed
2025-09-25 03:29:25,824 - mental_health_server - INFO - Request 83970015-a41f-4ddb-bdd9-546ec6368d40 started: GET http://localhost:8000/languages
2025-09-25 03:29:25,825 - mental_health_server - INFO - Returned list of supported languages
2025-09-25 03:29:25,862 - mental_health_server - INFO - Request 5175d240-1527-4873-bb3a-c36352ec01f9 completed: 0.040s - Status: 200
2025-09-25 03:29:25,862 - mental_health_server - INFO - Request a8c3ef19-e3f2-42e6-a31e-16c3790cc912 started: GET http://localhost:8000/health
2025-09-25 03:29:25,862 - mental_health_server - INFO - Request 3ea233c3-cf7f-430f-af42-61acd67f529b started: GET http://localhost:8000/languages
2025-09-25 03:29:25,862 - mental_health_server - INFO - Request 83970015-a41f-4ddb-bdd9-546ec6368d40 completed: 0.039s - Status: 200
2025-09-25 03:29:25,863 - mental_health_server - INFO - Health check passed
2025-09-25 03:29:25,863 - mental_health_server - INFO - Returned list of supported languages
2025-09-25 03:29:25,863 - mental_health_server - INFO - Request a8c3ef19-e3f2-42e6-a31e-16c3790cc912 completed: 0.001s - Status: 200
2025-09-25 03:29:25,864 - mental_health_server - INFO - Request 3ea233c3-cf7f-430f-af42-61acd67f529b completed: 0.002s - Status: 200
2025-09-25 03:29:29,719 - mental_health_server - INFO - Request 4e3fe8a4-8e4f-408a-b054-cb5972c9bd5b started: POST http://localhost:8000/chat
2025-09-25 03:29:29,722 - mental_health_server - INFO - Created new session: 1b96efc0-62f0-408c-a1b3-a9d50141b6aa with language: en
2025-09-25 03:29:29,722 - mental_health_server - INFO - Processing message in session 1b96efc0-62f0-408c-a1b3-a9d50141b6aa: What are some coping strategies?...
2025-09-25 03:29:30,117 - chromadb.telemetry.posthog - ERROR - Failed to send telemetry event CollectionQueryEvent: capture() takes 1 positional argument but 3 were given
2025-09-25 03:29:31,103 - mental_health_server - INFO - Response generated in 1.381s for session 1b96efc0-62f0-408c-a1b3-a9d50141b6aa
2025-09-25 03:29:31,104 - mental_health_server - INFO - Request 4e3fe8a4-8e4f-408a-b054-cb5972c9bd5b completed: 1.385s - Status: 200
2025-09-25 04:04:48,401 - mental_health_server - INFO - Request c4370a5b-9ca2-4a88-b72b-e331b930df2f started: GET http://localhost:8000/health
2025-09-25 04:04:48,440 - mental_health_server - INFO - Health check passed
2025-09-25 04:04:48,450 - mental_health_server - INFO - Request f9dbff8d-5a1c-44d8-83af-53983cca8809 started: GET http://localhost:8000/health
2025-09-25 04:04:48,451 - mental_health_server - INFO - Request c4370a5b-9ca2-4a88-b72b-e331b930df2f completed: 0.055s - Status: 200
2025-09-25 04:04:48,458 - mental_health_server - INFO - Health check passed
2025-09-25 04:04:48,459 - mental_health_server - INFO - Request f9dbff8d-5a1c-44d8-83af-53983cca8809 completed: 0.009s - Status: 200
2025-09-25 04:04:52,199 - mental_health_server - INFO - Request 4dd047c9-dc54-4bfa-a7d0-c0ee36000a39 started: OPTIONS http://localhost:8000/chat
2025-09-25 04:04:52,201 - mental_health_server - INFO - Request 4dd047c9-dc54-4bfa-a7d0-c0ee36000a39 completed: 0.003s - Status: 200
2025-09-25 04:04:52,205 - mental_health_server - INFO - Request 33773bab-d6b6-4667-88d1-22fcea342f39 started: POST http://localhost:8000/chat
2025-09-25 04:04:52,225 - mental_health_server - INFO - Created new session: 72aa04eb-694b-4752-a0d3-180b39ca50e5 with language: en
2025-09-25 04:04:52,225 - mental_health_server - INFO - Processing message in session 72aa04eb-694b-4752-a0d3-180b39ca50e5: hi...
2025-09-25 04:04:52,828 - mental_health_server - INFO - Response generated in 0.603s for session 72aa04eb-694b-4752-a0d3-180b39ca50e5
2025-09-25 04:04:52,829 - mental_health_server - INFO - Request 33773bab-d6b6-4667-88d1-22fcea342f39 completed: 0.625s - Status: 200
2025-09-25 04:05:32,981 - mental_health_server - INFO - Request 2f0c1155-8c63-4fa6-a00e-88cbf1602fb8 started: GET http://localhost:8000/health
2025-09-25 04:05:32,990 - mental_health_server - INFO - Health check passed
2025-09-25 04:05:32,995 - mental_health_server - INFO - Request b070eeeb-1b62-4dd6-b85e-91a2efd6116a started: GET http://localhost:8000/health
2025-09-25 04:05:32,996 - mental_health_server - INFO - Request 2f0c1155-8c63-4fa6-a00e-88cbf1602fb8 completed: 0.016s - Status: 200
2025-09-25 04:05:32,998 - mental_health_server - INFO - Health check passed
2025-09-25 04:05:32,998 - mental_health_server - INFO - Request b070eeeb-1b62-4dd6-b85e-91a2efd6116a completed: 0.003s - Status: 200
2025-09-25 04:08:51,538 - mental_health_server - INFO - Request ea403e01-4a4b-41e5-84ab-06fb87e12032 started: GET http://localhost:8000/health
2025-09-25 04:08:51,568 - mental_health_server - INFO - Health check passed
2025-09-25 04:08:51,574 - mental_health_server - INFO - Request ea403e01-4a4b-41e5-84ab-06fb87e12032 completed: 0.038s - Status: 200
2025-09-25 04:08:51,588 - mental_health_server - INFO - Request eee734fd-b517-4ce7-8acc-5e2ed6863a4b started: GET http://localhost:8000/health
2025-09-25 04:08:51,589 - mental_health_server - INFO - Health check passed
2025-09-25 04:08:51,589 - mental_health_server - INFO - Request eee734fd-b517-4ce7-8acc-5e2ed6863a4b completed: 0.001s - Status: 200
2025-09-25 04:08:59,983 - mental_health_server - INFO - Request 1f57e05a-115d-40aa-8937-e8f5e5a3dc2e started: POST http://localhost:8000/chat
2025-09-25 04:08:59,990 - mental_health_server - INFO - Created new session: 355e4a72-b6d0-4616-93e1-cf5ff29b0d93 with language: en
2025-09-25 04:08:59,990 - mental_health_server - INFO - Processing message in session 355e4a72-b6d0-4616-93e1-cf5ff29b0d93: hiiiiii. rooooo...
2025-09-25 04:09:00,485 - mental_health_server - INFO - Response generated in 0.495s for session 355e4a72-b6d0-4616-93e1-cf5ff29b0d93
2025-09-25 04:09:00,486 - mental_health_server - INFO - Request 1f57e05a-115d-40aa-8937-e8f5e5a3dc2e completed: 0.504s - Status: 200
2025-09-25 04:09:17,872 - mental_health_server - INFO - Request d381e2cf-7906-4e11-984d-c0cf4a1139f2 started: POST http://localhost:8000/chat
2025-09-25 04:09:17,877 - mental_health_server - INFO - Processing message in session 355e4a72-b6d0-4616-93e1-cf5ff29b0d93: Hello bro how are you...
2025-09-25 04:09:18,221 - mental_health_server - INFO - Response generated in 0.344s for session 355e4a72-b6d0-4616-93e1-cf5ff29b0d93
2025-09-25 04:09:18,223 - mental_health_server - INFO - Request d381e2cf-7906-4e11-984d-c0cf4a1139f2 completed: 0.351s - Status: 200
2025-09-25 04:10:04,815 - mental_health_server - INFO - Request 8ca805d9-da36-45fb-8724-d0c84bb123ca started: POST http://localhost:8000/chat
2025-09-25 04:10:04,832 - mental_health_server - INFO - Processing message in session 355e4a72-b6d0-4616-93e1-cf5ff29b0d93: Hello bro how are you...
2025-09-25 04:10:05,292 - mental_health_server - INFO - Response generated in 0.460s for session 355e4a72-b6d0-4616-93e1-cf5ff29b0d93
2025-09-25 04:10:05,296 - mental_health_server - INFO - Request 8ca805d9-da36-45fb-8724-d0c84bb123ca completed: 0.481s - Status: 200
2025-09-25 04:10:28,123 - mental_health_server - INFO - Request 6cc0b546-eb98-4124-8ba0-695ed69002e0 started: GET http://localhost:8000/health
2025-09-25 04:10:28,129 - mental_health_server - INFO - Health check passed
2025-09-25 04:10:28,136 - mental_health_server - INFO - Request c8381bff-d670-484d-a038-f26e79f8397d started: GET http://localhost:8000/languages
2025-09-25 04:10:28,145 - mental_health_server - INFO - Returned list of supported languages
2025-09-25 04:10:28,147 - mental_health_server - INFO - Request 8215f8f7-54d7-4de8-809c-f95dc86a8c5f started: GET http://localhost:8000/languages
2025-09-25 04:10:28,148 - mental_health_server - INFO - Request 6cc0b546-eb98-4124-8ba0-695ed69002e0 completed: 0.025s - Status: 200
2025-09-25 04:10:28,152 - mental_health_server - INFO - Returned list of supported languages
2025-09-25 04:10:28,155 - mental_health_server - INFO - Request 2f749f40-af67-4d53-9c06-e26058944211 started: GET http://localhost:8000/health
2025-09-25 04:10:28,156 - mental_health_server - INFO - Request c8381bff-d670-484d-a038-f26e79f8397d completed: 0.020s - Status: 200
2025-09-25 04:10:28,158 - mental_health_server - INFO - Health check passed
2025-09-25 04:10:28,160 - mental_health_server - INFO - Request 8215f8f7-54d7-4de8-809c-f95dc86a8c5f completed: 0.013s - Status: 200
2025-09-25 04:10:28,160 - mental_health_server - INFO - Request 2f749f40-af67-4d53-9c06-e26058944211 completed: 0.005s - Status: 200
2025-09-25 04:18:52,578 - mental_health_server - INFO - Request b95cb7a6-fd96-45a5-8227-c38049629f57 started: GET http://localhost:8000/health
2025-09-25 04:18:52,585 - mental_health_server - INFO - Health check passed
2025-09-25 04:18:52,589 - mental_health_server - INFO - Request b95cb7a6-fd96-45a5-8227-c38049629f57 completed: 0.014s - Status: 200
2025-09-25 04:18:52,645 - mental_health_server - INFO - Request f05b96cf-cc71-4840-95d4-45732c2be782 started: GET http://localhost:8000/health
2025-09-25 04:18:52,650 - mental_health_server - INFO - Health check passed
2025-09-25 04:18:52,651 - mental_health_server - INFO - Request f05b96cf-cc71-4840-95d4-45732c2be782 completed: 0.006s - Status: 200
2025-09-25 04:18:57,126 - mental_health_server - INFO - Request 71a28a9a-5ac8-4518-964b-16132b411a42 started: GET http://localhost:8000/health
2025-09-25 04:18:57,127 - mental_health_server - INFO - Health check passed
2025-09-25 04:18:57,128 - mental_health_server - INFO - Request 71a28a9a-5ac8-4518-964b-16132b411a42 completed: 0.002s - Status: 200
2025-09-25 04:18:57,129 - mental_health_server - INFO - Request a35451ad-e938-4e5e-8ad7-3c4e841652de started: GET http://localhost:8000/languages
2025-09-25 04:18:57,131 - mental_health_server - INFO - Returned list of supported languages
2025-09-25 04:18:57,133 - mental_health_server - INFO - Request a35451ad-e938-4e5e-8ad7-3c4e841652de completed: 0.003s - Status: 200
2025-09-25 04:18:57,290 - mental_health_server - INFO - Request 0c288a1a-be9f-4376-86c8-4379f98cab6b started: GET http://localhost:8000/health
2025-09-25 04:18:57,290 - mental_health_server - INFO - Health check passed
2025-09-25 04:18:57,291 - mental_health_server - INFO - Request 0c288a1a-be9f-4376-86c8-4379f98cab6b completed: 0.001s - Status: 200
2025-09-25 04:18:57,291 - mental_health_server - INFO - Request 01d86d1c-d48c-4d71-9a35-bdcc90bf4f61 started: GET http://localhost:8000/languages
2025-09-25 04:18:57,292 - mental_health_server - INFO - Returned list of supported languages
2025-09-25 04:18:57,293 - mental_health_server - INFO - Request 01d86d1c-d48c-4d71-9a35-bdcc90bf4f61 completed: 0.002s - Status: 200
2025-09-25 04:19:10,606 - mental_health_server - INFO - Request eea33d60-f36a-42fb-a77e-d486b9f2dc45 started: OPTIONS http://localhost:8000/translate
2025-09-25 04:19:10,608 - mental_health_server - INFO - Request eea33d60-f36a-42fb-a77e-d486b9f2dc45 completed: 0.003s - Status: 200
2025-09-25 04:19:10,611 - mental_health_server - INFO - Request 7b872631-dfb2-4016-b5e4-4ee64d48c66d started: POST http://localhost:8000/translate
2025-09-25 04:19:10,620 - mental_health_server - INFO - Translated text from en to en in 0.000s
2025-09-25 04:19:10,622 - mental_health_server - INFO - Request 7b872631-dfb2-4016-b5e4-4ee64d48c66d completed: 0.010s - Status: 200
2025-09-25 04:19:10,629 - mental_health_server - INFO - Request 0d9f6c5d-071d-4746-9e15-9953bc2b12f4 started: OPTIONS http://localhost:8000/chat
2025-09-25 04:19:10,629 - mental_health_server - INFO - Request 0d9f6c5d-071d-4746-9e15-9953bc2b12f4 completed: 0.001s - Status: 200
2025-09-25 04:19:10,631 - mental_health_server - INFO - Request 95fb0175-1d8c-4745-b0b9-fc2b299ff7ae started: POST http://localhost:8000/chat
2025-09-25 04:19:10,633 - mental_health_server - INFO - Created new session: 8d92cca9-a129-484b-afb2-ba294cc6b2d1 with language: ar
2025-09-25 04:19:10,633 - mental_health_server - INFO - Processing message in session 8d92cca9-a129-484b-afb2-ba294cc6b2d1: I'm feeling overwhelmed...
2025-09-25 04:19:10,898 - chromadb.telemetry.posthog - ERROR - Failed to send telemetry event CollectionQueryEvent: capture() takes 1 positional argument but 3 were given
2025-09-25 04:19:12,781 - mental_health_server - INFO - Translated response to ar
2025-09-25 04:19:12,781 - mental_health_server - INFO - Response generated in 2.149s for session 8d92cca9-a129-484b-afb2-ba294cc6b2d1
2025-09-25 04:19:12,782 - mental_health_server - INFO - Request 95fb0175-1d8c-4745-b0b9-fc2b299ff7ae completed: 2.151s - Status: 200
2025-09-25 04:19:12,795 - mental_health_server - INFO - Request 7c6c8731-79b8-4249-a3a0-ed22ab7e69ea started: POST http://localhost:8000/translate
2025-09-25 04:19:14,762 - mental_health_server - INFO - Translated text from en to ar in 1.966s
2025-09-25 04:19:14,762 - mental_health_server - INFO - Request 7c6c8731-79b8-4249-a3a0-ed22ab7e69ea completed: 1.968s - Status: 200
2025-09-25 09:03:46,413 - mental_health_server - INFO - ✅ PyAudio TTS fallback available
2025-09-25 09:03:46,414 - mental_health_server - INFO - ✅ Speech-to-text available
2025-09-25 09:03:46,414 - mental_health_server - INFO - MentalHealthServer initialized with voice capabilities
2025-09-25 09:03:46,414 - mental_health_server - INFO - Starting server on 0.0.0.0:8000
2025-09-25 09:03:46,506 - mental_health_server - INFO - Starting server initialization...
2025-09-25 09:03:46,543 - sentence_transformers.SentenceTransformer - INFO - Use pytorch device_name: mps
2025-09-25 09:03:46,543 - sentence_transformers.SentenceTransformer - INFO - Load pretrained SentenceTransformer: all-MiniLM-L6-v2
2025-09-25 09:03:51,896 - chromadb.telemetry.posthog - ERROR - Failed to send telemetry event ClientStartEvent: capture() takes 1 positional argument but 3 were given
2025-09-25 09:03:51,898 - sentence_transformers.SentenceTransformer - INFO - Load pretrained SentenceTransformer: all-MiniLM-L6-v2
2025-09-25 09:03:55,952 - chromadb.telemetry.posthog - ERROR - Failed to send telemetry event CollectionAddEvent: capture() takes 1 positional argument but 3 were given
2025-09-25 09:03:55,952 - mental_health_server - INFO - Knowledge base initialized with sample data
2025-09-25 09:05:33,305 - mental_health_server - INFO - Request 0abd7770-89ee-4afb-8cd1-43e6778b6982 started: OPTIONS http://localhost:8000/analyze-mood
2025-09-25 09:05:33,307 - mental_health_server - INFO - Request 0abd7770-89ee-4afb-8cd1-43e6778b6982 completed: 0.002s - Status: 200
2025-09-25 09:05:33,312 - mental_health_server - INFO - Request eb3a0d98-3648-4e83-9dd9-f68e40fe8238 started: POST http://localhost:8000/analyze-mood
2025-09-25 09:05:33,323 - mental_health_server - INFO - Analyzing mood entry: Happy (score: 8)
2025-09-25 09:05:33,325 - mental_health_server - INFO - Mood analysis completed successfully
2025-09-25 09:05:33,325 - mental_health_server - INFO - Request eb3a0d98-3648-4e83-9dd9-f68e40fe8238 completed: 0.014s - Status: 200
2025-09-25 09:05:56,496 - mental_health_server - INFO - Request d5a1ee30-0f1c-4d0e-9ccc-fa184a48e45a started: GET http://localhost:8000/health
2025-09-25 09:05:56,497 - mental_health_server - INFO - Health check passed
2025-09-25 09:05:56,498 - mental_health_server - INFO - Request 7a2800a3-fca7-420b-93ad-654f129ac4ce started: GET http://localhost:8000/languages
2025-09-25 09:05:56,498 - mental_health_server - INFO - Request d5a1ee30-0f1c-4d0e-9ccc-fa184a48e45a completed: 0.003s - Status: 200
2025-09-25 09:05:56,500 - mental_health_server - INFO - Returned list of supported languages
2025-09-25 09:05:56,501 - mental_health_server - INFO - Request 7a2800a3-fca7-420b-93ad-654f129ac4ce completed: 0.003s - Status: 200
2025-09-25 09:05:56,556 - mental_health_server - INFO - Request a60f7c97-d350-4cee-a2ae-e5dee74049a4 started: GET http://localhost:8000/health
2025-09-25 09:05:56,556 - mental_health_server - INFO - Health check passed
2025-09-25 09:05:56,557 - mental_health_server - INFO - Request a60f7c97-d350-4cee-a2ae-e5dee74049a4 completed: 0.001s - Status: 200
2025-09-25 09:05:56,558 - mental_health_server - INFO - Request 8446ceac-2b95-40d7-a340-77ebb00849d0 started: GET http://localhost:8000/languages
2025-09-25 09:05:56,558 - mental_health_server - INFO - Returned list of supported languages
2025-09-25 09:05:56,559 - mental_health_server - INFO - Request 8446ceac-2b95-40d7-a340-77ebb00849d0 completed: 0.002s - Status: 200
2025-09-25 09:05:59,796 - mental_health_server - INFO - Request 4497136d-7833-4c18-a356-cf4c0ed72a75 started: OPTIONS http://localhost:8000/chat
2025-09-25 09:05:59,796 - mental_health_server - INFO - Request 4497136d-7833-4c18-a356-cf4c0ed72a75 completed: 0.001s - Status: 200
2025-09-25 09:05:59,799 - mental_health_server - INFO - Request f47ad40b-865a-4890-b425-085c17322156 started: POST http://localhost:8000/chat
2025-09-25 09:05:59,805 - mental_health_server - INFO - Created new session: 05a5573a-f393-4a6a-ba02-56d24afd6eb5 with language: en
2025-09-25 09:05:59,805 - mental_health_server - INFO - Processing message in session 05a5573a-f393-4a6a-ba02-56d24afd6eb5: How can I manage stress?...
2025-09-25 09:05:59,995 - chromadb.telemetry.posthog - ERROR - Failed to send telemetry event CollectionQueryEvent: capture() takes 1 positional argument but 3 were given
2025-09-25 09:06:01,352 - mental_health_server - INFO - Response generated in 1.547s for session 05a5573a-f393-4a6a-ba02-56d24afd6eb5
2025-09-25 09:06:01,353 - mental_health_server - INFO - Request f47ad40b-865a-4890-b425-085c17322156 completed: 1.554s - Status: 200
2025-09-25 09:06:17,000 - mental_health_server - INFO - Request d934f3e0-6bb8-42cc-950b-164ece4dd9d1 started: OPTIONS http://localhost:8000/translate
2025-09-25 09:06:17,001 - mental_health_server - INFO - Request d934f3e0-6bb8-42cc-950b-164ece4dd9d1 completed: 0.002s - Status: 200
2025-09-25 09:06:17,004 - mental_health_server - INFO - Request dad7487f-6c20-4d27-9278-70609140fbfa started: POST http://localhost:8000/translate
2025-09-25 09:06:17,011 - mental_health_server - INFO - Translated text from en to en in 0.000s
2025-09-25 09:06:17,012 - mental_health_server - INFO - Request dad7487f-6c20-4d27-9278-70609140fbfa completed: 0.008s - Status: 200
2025-09-25 09:06:17,018 - mental_health_server - INFO - Request 40276271-9e61-4b5f-b500-a2ac9518b40e started: POST http://localhost:8000/chat
2025-09-25 09:06:17,018 - mental_health_server - INFO - Processing message in session 05a5573a-f393-4a6a-ba02-56d24afd6eb5: sat shri akaal mitra....
2025-09-25 09:06:19,028 - mental_health_server - INFO - Translated response to hi
2025-09-25 09:06:19,028 - mental_health_server - INFO - Response generated in 2.010s for session 05a5573a-f393-4a6a-ba02-56d24afd6eb5
2025-09-25 09:06:19,029 - mental_health_server - INFO - Request 40276271-9e61-4b5f-b500-a2ac9518b40e completed: 2.012s - Status: 200
2025-09-25 09:06:19,041 - mental_health_server - INFO - Request f7a6b7c1-dba9-4e47-943b-16464cc53751 started: POST http://localhost:8000/translate
2025-09-25 09:06:19,042 - mental_health_server - INFO - Translated text from hi to hi in 0.000s
2025-09-25 09:06:19,042 - mental_health_server - INFO - Request f7a6b7c1-dba9-4e47-943b-16464cc53751 completed: 0.001s - Status: 200
2025-09-25 19:15:26,656 - mental_health_server - INFO - ✅ PyAudio TTS fallback available
2025-09-25 19:15:26,656 - mental_health_server - INFO - ✅ Speech-to-text available
2025-09-25 19:15:26,657 - mental_health_server - INFO - MentalHealthServer initialized with voice capabilities
2025-09-25 19:15:26,657 - mental_health_server - INFO - Starting server on 0.0.0.0:8000
2025-09-25 19:15:26,762 - mental_health_server - INFO - Starting server initialization...
2025-09-25 19:15:26,799 - sentence_transformers.SentenceTransformer - INFO - Use pytorch device_name: mps
2025-09-25 19:15:26,799 - sentence_transformers.SentenceTransformer - INFO - Load pretrained SentenceTransformer: all-MiniLM-L6-v2
2025-09-25 19:15:31,351 - chromadb.telemetry.posthog - ERROR - Failed to send telemetry event ClientStartEvent: capture() takes 1 positional argument but 3 were given
2025-09-25 19:15:31,353 - sentence_transformers.SentenceTransformer - INFO - Load pretrained SentenceTransformer: all-MiniLM-L6-v2
2025-09-25 19:15:35,349 - chromadb.telemetry.posthog - ERROR - Failed to send telemetry event CollectionAddEvent: capture() takes 1 positional argument but 3 were given
2025-09-25 19:15:35,349 - mental_health_server - INFO - Knowledge base initialized with sample data
2025-09-25 19:17:50,645 - mental_health_server - INFO - Request a00965c0-ecb8-4ff3-b8cd-74fd0acfbd0d started: OPTIONS http://localhost:8000/analyze-mood
2025-09-25 19:17:50,649 - mental_health_server - INFO - Request a00965c0-ecb8-4ff3-b8cd-74fd0acfbd0d completed: 0.004s - Status: 200
2025-09-25 19:17:50,654 - mental_health_server - INFO - Request 938d3f88-33dd-40da-bc39-ff273f09b435 started: POST http://localhost:8000/analyze-mood
2025-09-25 19:17:50,678 - mental_health_server - INFO - Analyzing mood entry: Happy (score: 8)
2025-09-25 19:17:50,682 - mental_health_server - INFO - Mood analysis completed successfully
2025-09-25 19:17:50,683 - mental_health_server - INFO - Request 938d3f88-33dd-40da-bc39-ff273f09b435 completed: 0.029s - Status: 200
2025-09-25 19:19:27,642 - mental_health_server - INFO - Request c906dc2a-3e1f-4a31-817e-fb90c6641671 started: GET http://localhost:8000/health
2025-09-25 19:19:27,651 - mental_health_server - INFO - Health check passed
2025-09-25 19:19:27,658 - mental_health_server - INFO - Request 7466fc59-ee41-4743-897d-2c9bb00a34d7 started: GET http://localhost:8000/languages
2025-09-25 19:19:27,665 - mental_health_server - INFO - Returned list of supported languages
2025-09-25 19:19:27,667 - mental_health_server - INFO - Request c906dc2a-3e1f-4a31-817e-fb90c6641671 completed: 0.027s - Status: 200
2025-09-25 19:19:27,671 - mental_health_server - INFO - Request 7466fc59-ee41-4743-897d-2c9bb00a34d7 completed: 0.013s - Status: 200
2025-09-25 19:19:27,929 - mental_health_server - INFO - Request 913cba40-2f0c-426e-856e-9221fbe07069 started: GET http://localhost:8000/health
2025-09-25 19:19:27,930 - mental_health_server - INFO - Health check passed
2025-09-25 19:19:27,930 - mental_health_server - INFO - Request 913cba40-2f0c-426e-856e-9221fbe07069 completed: 0.001s - Status: 200
2025-09-25 19:19:27,932 - mental_health_server - INFO - Request a69684c0-f6b4-4b35-8cb8-3e4f9cd9119d started: GET http://localhost:8000/languages
2025-09-25 19:19:27,933 - mental_health_server - INFO - Returned list of supported languages
2025-09-25 19:19:27,934 - mental_health_server - INFO - Request a69684c0-f6b4-4b35-8cb8-3e4f9cd9119d completed: 0.002s - Status: 200
2025-09-25 19:22:43,756 - mental_health_server - INFO - Request 9bd318fe-bd8c-40da-b1bb-d6d963913f13 started: GET http://localhost:8000/health
2025-09-25 19:22:43,762 - mental_health_server - INFO - Health check passed
2025-09-25 19:22:43,765 - mental_health_server - INFO - Request 9bd318fe-bd8c-40da-b1bb-d6d963913f13 completed: 0.010s - Status: 200
2025-09-25 19:22:43,767 - mental_health_server - INFO - Request 9b4c5660-6d71-4293-b09d-c3963dc49c89 started: GET http://localhost:8000/health
2025-09-25 19:22:43,767 - mental_health_server - INFO - Health check passed
2025-09-25 19:22:43,767 - mental_health_server - INFO - Request 9b4c5660-6d71-4293-b09d-c3963dc49c89 completed: 0.001s - Status: 200
2025-09-25 19:23:00,554 - mental_health_server - INFO - Request 39f77202-3d4d-42f6-be02-def25aa19da5 started: GET http://localhost:8000/health
2025-09-25 19:23:00,558 - mental_health_server - INFO - Health check passed
2025-09-25 19:23:00,559 - mental_health_server - INFO - Request 39f77202-3d4d-42f6-be02-def25aa19da5 completed: 0.004s - Status: 200
2025-09-25 19:23:00,561 - mental_health_server - INFO - Request 1d206e90-dab9-453a-b5f2-272505e5bba3 started: GET http://localhost:8000/health
2025-09-25 19:23:00,561 - mental_health_server - INFO - Health check passed
2025-09-25 19:23:00,562 - mental_health_server - INFO - Request 1d206e90-dab9-453a-b5f2-272505e5bba3 completed: 0.001s - Status: 200
2025-09-28 11:41:08,991 - mental_health_server - INFO - ✅ PyAudio TTS fallback available
2025-09-28 11:41:08,993 - mental_health_server - INFO - ✅ Speech-to-text available
2025-09-28 11:41:08,993 - mental_health_server - INFO - MentalHealthServer initialized with voice capabilities and Redis caching
2025-09-28 11:41:08,993 - mental_health_server - INFO - Starting server on 0.0.0.0:8000
2025-09-28 11:41:09,093 - mental_health_server - INFO - Starting server initialization...
2025-09-28 11:41:09,110 - mental_health_server - INFO - ✅ Redis Cloud cache connected successfully
2025-09-28 11:41:09,163 - sentence_transformers.SentenceTransformer - INFO - Use pytorch device_name: mps
2025-09-28 11:41:09,163 - sentence_transformers.SentenceTransformer - INFO - Load pretrained SentenceTransformer: all-MiniLM-L6-v2
2025-09-28 11:41:14,797 - chromadb.telemetry.posthog - ERROR - Failed to send telemetry event ClientStartEvent: capture() takes 1 positional argument but 3 were given
2025-09-28 11:41:14,799 - sentence_transformers.SentenceTransformer - INFO - Load pretrained SentenceTransformer: all-MiniLM-L6-v2
2025-09-28 11:41:20,510 - chromadb.telemetry.posthog - ERROR - Failed to send telemetry event CollectionAddEvent: capture() takes 1 positional argument but 3 were given
2025-09-28 11:41:20,510 - mental_health_server - INFO - Knowledge base initialized with sample data
